<?xml version="1.0" encoding="UTF-8"?>
<testsuite xmlns:xsi="http://www.w3.org/2001/XMLSchema-instance" xsi:noNamespaceSchemaLocation="https://maven.apache.org/surefire/maven-surefire-plugin/xsd/surefire-test-report-3.0.xsd" version="3.0" name="PruebasIntegracion.ClienteCompraIntegration" time="2.301" tests="7" errors="0" skipped="0" failures="0">
  <properties>
[...]
</properties>
  <testcase name="testObtenerCompraPorNombreYCliente_CompraInexistente" classname="PruebasIntegracion.ClienteCompraIntegration" time="1.928">
    <system-out><![CDATA[[EL Info]: 2024-10-04 01:32:27.153--ServerSession(1260467793)--EclipseLink, version: Eclipse Persistence Services - 2.7.12.v20230209-e5c4074ef3
]]></system-out>
  </testcase>
  <testcase name="testObtenerComprasPorCliente_ClienteExistente" classname="PruebasIntegracion.ClienteCompraIntegration" time="0.102"/>
  <testcase name="testAgregarClienteYCompra" classname="PruebasIntegracion.ClienteCompraIntegration" time="0.04"/>
  <testcase name="testEliminarCompraYVerificarCliente" classname="PruebasIntegracion.ClienteCompraIntegration" time="0.036"/>
  <testcase name="testObtenerCompraPorNombreYCliente_CompraExistente" classname="PruebasIntegracion.ClienteCompraIntegration" time="0.042"/>
  <testcase name="testObtenerComprasPorCliente_ClienteSinCompras" classname="PruebasIntegracion.ClienteCompraIntegration" time="0.009"/>
  <testcase name="testAgregarVariasComprasYVerificarConsistencia" classname="PruebasIntegracion.ClienteCompraIntegration" time="0.097"/>
</testsuite>