<?xml version="1.0" encoding="UTF-8"?>
<testsuite xmlns:xsi="http://www.w3.org/2001/XMLSchema-instance" xsi:noNamespaceSchemaLocation="https://maven.apache.org/surefire/maven-surefire-plugin/xsd/surefire-test-report.xsd" name="PruebasComponentes.CompraDAOTest" time="0.221" tests="5" errors="0" skipped="0" failures="0">
  <properties>
[...]
</properties>
  <testcase name="eliminarCompra" classname="PruebasComponentes.CompraDAOTest" time="0.019"/>
  <testcase name="testObtenerCompraPorId" classname="PruebasComponentes.CompraDAOTest" time="0.036"/>
  <testcase name="agregarCompra" classname="PruebasComponentes.CompraDAOTest" time="0.039"/>
  <testcase name="testActualizarCompra" classname="PruebasComponentes.CompraDAOTest" time="0.053"/>
  <testcase name="testObtenerTodasLasCompras" classname="PruebasComponentes.CompraDAOTest" time="0.068"/>
</testsuite>