<?xml version="1.0" encoding="UTF-8"?>
<testsuite xmlns:xsi="http://www.w3.org/2001/XMLSchema-instance" xsi:noNamespaceSchemaLocation="https://maven.apache.org/surefire/maven-surefire-plugin/xsd/surefire-test-report.xsd" name="PruebasComponentes.ProductoDAOTest" time="0.341" tests="17" errors="0" skipped="0" failures="0">
  <properties>
[...]
</properties>
  <testcase name="testFiltrarPorCategoriaYCompraId" classname="PruebasComponentes.ProductoDAOTest" time="0.051"/>
  <testcase name="testObtenerProductoPorCaracteristicas_CategoriaNula" classname="PruebasComponentes.ProductoDAOTest" time="0.024"/>
  <testcase name="testObtenerProductosPorCompraId" classname="PruebasComponentes.ProductoDAOTest" time="0.036"/>
  <testcase name="testObtenerProductoPorCaracteristicas_NombreNulo" classname="PruebasComponentes.ProductoDAOTest" time="0.019"/>
  <testcase name="testAgregarProducto_NombreNulo" classname="PruebasComponentes.ProductoDAOTest" time="0.01"/>
  <testcase name="testObtenerProductosPorCompraId_CompraInexistente" classname="PruebasComponentes.ProductoDAOTest" time="0.004"/>
  <testcase name="testFiltrarPorCategoriaYCompraId_CategoriaInexistente" classname="PruebasComponentes.ProductoDAOTest" time="0.024"/>
  <testcase name="testAgregarProducto_NombreVacio" classname="PruebasComponentes.ProductoDAOTest" time="0.008"/>
  <testcase name="testActualizarProducto" classname="PruebasComponentes.ProductoDAOTest" time="0.027"/>
  <testcase name="testFiltrarPorCategoriaYCompraId_CategoriaNula" classname="PruebasComponentes.ProductoDAOTest" time="0.016"/>
  <testcase name="testObtenerProductoPorId" classname="PruebasComponentes.ProductoDAOTest" time="0.022"/>
  <testcase name="testEliminarProducto" classname="PruebasComponentes.ProductoDAOTest" time="0.022"/>
  <testcase name="testObtenerProductoPorId_NoExiste" classname="PruebasComponentes.ProductoDAOTest" time="0.004"/>
  <testcase name="testAgregarProducto" classname="PruebasComponentes.ProductoDAOTest" time="0.025"/>
  <testcase name="testObtenerProductoPorCaracteristicas" classname="PruebasComponentes.ProductoDAOTest" time="0.026"/>
  <testcase name="testEliminarProducto_NoExiste" classname="PruebasComponentes.ProductoDAOTest" time="0.003"/>
  <testcase name="testObtenerProductoPorCaracteristicas_NoCoincide" classname="PruebasComponentes.ProductoDAOTest" time="0.015"/>
</testsuite>